
=== screenshot_collector.py ===
  [1] 截圖：https://news.google.com/rss/articles/CBMirwFBVV95cUxPZ3ROZzY4Y3hUeUgxQWU0alMzZUR...
  [1] ✅ news_01.png (1200x800)
  [2] 截圖：https://news.google.com/rss/articles/CBMiW0FVX3lxTE5YYTF2dy1zOTJZWGk0RzJFNl9DX0F...
  [2] ✅ news_02.png (1200x800)
  [3] 截圖：https://news.google.com/rss/articles/CBMickFVX3lxTE44MDlnZngwaTJGNzNVOEFselpWa1B...
  [3] ✅ news_03.png (1200x800)
✅ 截圖步驟完成


=== audio_generator.py ===
🎙️  生成 3 則語音（Fish Audio 哈基米）...
  [1] NemoClaw安全性受質疑 — 2 句...
      句1: Nvidia說NemoClaw能讓AI代理人更安全運作，但真...
      句2: 它用沙盒隔離和政策護欄來管控AI行為，不過目前還只是早期預覽...
      ✅ audio_01.mp3，總時長 11.7s
  [2] NemoClaw顛覆AI產業格局 — 2 句...
      句1: Nvidia不只做顯卡了！...
      句2: NemoClaw是一套開源AI代理平台，一行指令就能部署，還...
      ✅ audio_02.mp3，總時長 12.0s
  [3] NemoClaw開源架構全解析 — 2 句...
      句1: NemoClaw到底是什麼？...
      句2: 簡單說就是Nvidia把AI代理人裝進安全沙盒裡，用Open...
      ✅ audio_03.mp3，總時長 11.0s

✅ 語音已存至 C:\Users\User\Documents\GitHub\AutoVideo\pipeline\2026-03-22\job_10\audio


=== video_composer.py ===
🎬 合成 3 個片段...
  [1] NemoClaw安全性受質疑... (hue=0°, timing=精確)
  [2] NemoClaw顛覆AI產業格局... (hue=130°, timing=精確)
  [3] NemoClaw開源架構全解析... (hue=220°, timing=精確)
🔗 合併影片...

✅ 影片完成：C:\Users\User\Documents\GitHub\AutoVideo\pipeline\2026-03-22\job_10\output.mp4


=== publisher.py ===
📤 準備上傳：output.mp4
   平台：youtube, instagram
   標題：NemoClaw安全性受質疑 | NemoClaw顛覆AI產業格局 | NemoClaw開源架構全解析...
   Profile：yt

✅ 上傳成功！request_id = 3694a388515f447dad2df3c17e2b948d
   上傳為非同步，約 1~5 分鐘後在各平台生效

