
=== screenshot_collector.py ===
  [1] 截圖：https://news.google.com/rss/articles/CBMirwFBVV95cUxPZ3ROZzY4Y3hUeUgxQWU0alMzZUR...
  [1] ✅ news_01.png (1200x800)
  [2] 截圖：https://news.google.com/rss/articles/CBMioAFBVV95cUxNeVVTc1ZpUU1vWEd4X3VObXd5eF9...
  [2] ⚠️ 截圖失敗 (Page.evaluate: Execution context was destroyed, most likely because of a navigation)，跳過（video_composer 會補佔位圖）
  [3] 截圖：https://news.google.com/rss/articles/CBMivgFBVV95cUxOdUFoNDNrQmQydHZaazdQcm5ySGV...
  [3] ✅ news_03.png (1200x800)
✅ 截圖步驟完成


=== audio_generator.py ===
🎙️  生成 3 則語音（Fish Audio 哈基米）...
  [1] Nvidia推NemoClaw守護AI代理 — 3 句...
      句1: 你知道現在AI代理最大的問題是什麼嗎？...
      句2: 安全！...
      句3: Nvidia剛推出NemoClaw，號稱一個指令就能安全部署...
      ✅ audio_01.mp3，總時長 12.9s
  [2] 黃仁勳不靠晶片靠平台 — 2 句...
      句1: Google、亞馬遜都在做自己的AI晶片了，Nvidia光靠...
      句2: 黃仁勳很聰明，直接推開源平台NemoClaw，不管你用誰的晶...
      ✅ audio_02.mp3，總時長 11.8s
  [3] 黃仁勳稱OpenClaw是新Linux — 2 句...
      句1: 黃仁勳在GTC上直接說OpenClaw就是新時代的Linux...
      句2: 他說每家公司都需要OpenClaw策略，這就是AI代理的作業...
      ✅ audio_03.mp3，總時長 11.9s

✅ 語音已存至 C:\Users\User\Documents\GitHub\AutoVideo\pipeline\2026-03-22\job_9\audio


=== video_composer.py ===
🎬 合成 3 個片段...
  [1] Nvidia推NemoClaw守護AI代理... (hue=0°, timing=精確)
  [2] 截圖不存在，自動生成佔位背景...
  [2] 黃仁勳不靠晶片靠平台... (hue=130°, timing=精確)
  [3] 黃仁勳稱OpenClaw是新Linux... (hue=220°, timing=精確)
🔗 合併影片...

✅ 影片完成：C:\Users\User\Documents\GitHub\AutoVideo\pipeline\2026-03-22\job_9\output.mp4

