
=== screenshot_collector.py ===
  [1] 截圖：http://www.bing.com/news/apiclick.aspx?ref=FexRss&aid=&tid=69d9d37e3b424a3086e7a...
  [1] ✅ 截圖成功 (245KB)
  [2] 截圖：http://www.bing.com/news/apiclick.aspx?ref=FexRss&aid=&tid=69d9d37e3b424a3086e7a...
  [2] ✅ 截圖成功 (436KB)
  [3] 截圖：http://www.bing.com/news/apiclick.aspx?ref=FexRss&aid=&tid=69d9d37e3b424a3086e7a...
  [3] ✅ 截圖成功 (229KB)
✅ 截圖步驟完成


=== audio_generator.py ===
🎙️  生成 3 則語音（Fish Audio 哈基米）...
  [1] 阿聯G42強攻主權AI — 3 句...
      句1: 你知道嗎？...
      句2: 中東沙漠裡有家公司叫G42，八年前就預言AI是新石油。...
      句3: 他們甚至為了拿美國技術，直接切斷跟中國的合作，現在已經是矽谷...
      ✅ audio_01.mp3，總時長 12.5s
  [2] 七成人盲信AI陷思維陷阱 — 2 句...
      句1: 最新研究超嚇人，七成以上的人用AI時根本不會去驗證答案對不對...
      句2: 學者把這叫做「認知投降」，就是你的腦袋自動放棄思考，全交給A...
      ✅ audio_02.mp3，總時長 11.2s
  [3] AI農場文夫妻慘遭封號 — 3 句...
      句1: 有對夫妻號稱用AI自動寫公眾號文章，一年爽賺快一千萬台幣。...
      句2: 結果太高調，帳號直接被平台處理掉了。...
      句3: 這也讓大家開始討論，AI生成內容的紅線到底在哪裡。...
      ✅ audio_03.mp3，總時長 12.0s

✅ 語音已存至 C:\Users\User\Documents\GitHub\AutoVideo\pipeline\2026-04-11\job_46\audio


=== video_composer.py ===
🎬 合成 3 個片段...
  [1] 阿聯G42強攻主權AI... (hue=0°, timing=精確)
  [2] 七成人盲信AI陷思維陷阱... (hue=130°, timing=精確)
  [3] AI農場文夫妻慘遭封號... (hue=220°, timing=精確)
🔗 合併影片...
  ℹ️  未找到 BGM（C:\Users\User\Documents\GitHub\AutoVideo\assets\music\bgm.mp3），跳過混音

✅ 影片完成：C:\Users\User\Documents\GitHub\AutoVideo\pipeline\2026-04-11\job_46\output.mp4


=== publisher.py ===
📤 準備上傳：output.mp4
   平台：youtube, instagram
   標題：阿聯G42強攻主權AI | 七成人盲信AI陷思維陷阱 | AI農場文夫妻慘遭封號...
   Profile：yt

✅ 上傳成功！request_id = 41cd3a17856a45edb4fdadf63fe76d30
   上傳為非同步，約 1~5 分鐘後在各平台生效

