
=== screenshot_collector.py ===
  [1] 截圖：http://www.bing.com/news/apiclick.aspx?ref=FexRss&aid=&tid=69cd0a1b21b54dc4bf02e...
  [1] ✅ 截圖成功 (450KB)
  [2] 截圖：http://www.bing.com/news/apiclick.aspx?ref=FexRss&aid=&tid=69cd0a1b21b54dc4bf02e...
  [2] ✅ 截圖成功 (338KB)
  [3] 解析後 URL：https://news.google.com/rss/articles/CBMiYEFVX3lxTE43czhWaGpxejJ1UFNSNGt0ZEoySHd...
  [3] 截圖：https://news.google.com/rss/articles/CBMiYEFVX3lxTE43czhWaGpxejJ1UFNSNGt0ZEoySHd...
  [3] ✅ 截圖成功 (135KB)
✅ 截圖步驟完成


=== audio_generator.py ===
🎙️  生成 3 則語音（Fish Audio 哈基米）...
  [1] AI短片《紙手機》爆紅全網 — 3 句...
      句1: 你敢信嗎？...
      句2: 兩個人花三天用AI做了一部短片，結果直接爆了四千萬播放！...
      句3: 這部叫《紙手機》的清明短片，用的是國產可靈AI，網友說這是最...
      ✅ audio_01.mp3，總時長 13.8s
  [2] 甲骨文裁員三萬人為AI燒錢 — 4 句...
      句1: 甲骨文凌晨偷偷發了裁員通知，一口氣砍掉三萬人，佔全公司快兩成...
      句2: 為什麼？...
      句3: 因為要擠出一千億蓋AI數據中心。...
      句4: 最諷刺的是，89%的公司說因為AI裁員，但只有2%確認AI真...
      ✅ audio_02.mp3，總時長 16.8s
  [3] AI日產140萬億Token的背後 — 5 句...
      句1: 你知道現在AI一天要講多少話嗎？...
      句2: 140萬億個Token！...
      句3: 比兩年前暴漲超過一千倍，中國的調用量甚至連續超越美國。...
      句4: 這背後需要多大的算力工廠來撐？...
      句5: AI已經從實驗品變成真正的生產力了。...
      ✅ audio_03.mp3，總時長 13.9s

✅ 語音已存至 C:\Users\User\Documents\GitHub\AutoVideo\pipeline\2026-04-01\job_33\audio


=== video_composer.py ===
🎬 合成 3 個片段...
  [1] AI短片《紙手機》爆紅全網... (hue=0°, timing=精確)
  [2] 甲骨文裁員三萬人為AI燒錢... (hue=130°, timing=精確)
  [3] AI日產140萬億Token的背後... (hue=220°, timing=精確)
🔗 合併影片...
  ℹ️  未找到 BGM（C:\Users\User\Documents\GitHub\AutoVideo\assets\music\bgm.mp3），跳過混音

✅ 影片完成：C:\Users\User\Documents\GitHub\AutoVideo\pipeline\2026-04-01\job_33\output.mp4


=== publisher.py ===
📤 準備上傳：output.mp4
   平台：youtube, instagram, threads, x, facebook, tiktok
   標題：AI短片《紙手機》爆紅全網 | 甲骨文裁員三萬人為AI燒錢 | AI日產140萬億Token的背後...
   Profile：yt

✅ 上傳成功！request_id = 6fd8201ad3154efa8dc0138923efa932
   上傳為非同步，約 1~5 分鐘後在各平台生效

