
=== screenshot_collector.py ===
  [1] 解析後 URL：https://news.google.com/rss/articles/CBMiakFVX3lxTE5kUWUwdEdldlczcE1BQVJiZDhHSHh...
  [1] 截圖：https://news.google.com/rss/articles/CBMiakFVX3lxTE5kUWUwdEdldlczcE1BQVJiZDhHSHh...
  [1] ✅ 截圖成功 (406KB)
  [2] 解析後 URL：https://news.google.com/rss/articles/CBMiTkFVX3lxTE83VnphTHFmX3RUdmJHdmtMbFJxQjF...
  [2] 截圖：https://news.google.com/rss/articles/CBMiTkFVX3lxTE83VnphTHFmX3RUdmJHdmtMbFJxQjF...
  [2] ✅ 截圖成功 (490KB)
  [3] 解析後 URL：https://news.google.com/rss/articles/CBMi0AJBVV95cUxOcjBHMTN0ak4wemszZFNWTjFiS2N...
  [3] 截圖：https://news.google.com/rss/articles/CBMi0AJBVV95cUxOcjBHMTN0ak4wemszZFNWTjFiS2N...
    ⚠️  截圖疑似空白（7KB），嘗試備案...
    🔍 Unsplash 搜圖：AI浪潮催生獵人式銷售...
  [3] ℹ️  無法取得圖片，video_composer 將補漸層佔位圖
✅ 截圖步驟完成


=== audio_generator.py ===
🎙️  生成 3 則語音（Fish Audio 哈基米）...
  [1] 南韓研發體系大改革 — 2 句...
      句1: 南韓政府大動作改革研發體系啦！...
      句2: 第五次基本計畫出爐，從制度面到資源投入全部重新洗牌，目標就是...
      ✅ audio_01.mp3，總時長 10.8s
  [2] 川普組AI科技夢幻顧問團 — 2 句...
      句1: 川普找來最強科技天團當顧問！...
      句2: 黃仁勳、祖克柏、蘇姿丰通通入列，這個PCAST顧問團要幫美國...
      ✅ audio_02.mp3，總時長 10.4s
  [3] 德國六大技術搶主權 — 1 句...
      句1: 德國政府直接砸180億歐元，鎖定AI、量子技術、微電子、生物...
      ✅ audio_03.mp3，總時長 12.0s

✅ 語音已存至 C:\Users\User\Documents\GitHub\AutoVideo\pipeline\2026-03-26\job_23\audio


=== video_composer.py ===
🎬 合成 3 個片段...
  [1] 南韓研發體系大改革... (hue=0°, timing=精確)
  [2] 川普組AI科技夢幻顧問團... (hue=130°, timing=精確)
  [3] 德國六大技術搶主權... (hue=220°, timing=精確)
🔗 合併影片...
  ℹ️  未找到 BGM（C:\Users\User\Documents\GitHub\AutoVideo\assets\music\bgm.mp3），跳過混音

✅ 影片完成：C:\Users\User\Documents\GitHub\AutoVideo\pipeline\2026-03-26\job_23\output.mp4


=== publisher.py ===
📤 準備上傳：output.mp4
   平台：youtube, instagram, threads, x, facebook, tiktok
   標題：南韓研發體系大改革 | 川普組AI科技夢幻顧問團 | 德國六大技術搶主權...
   Profile：yt

✅ 上傳成功！request_id = 2246aeb642d54940ba27f20c2e9d0bef
   上傳為非同步，約 1~5 分鐘後在各平台生效

