
=== screenshot_collector.py ===
  [1] 截圖：https://news.google.com/rss/articles/CBMirAFBVV95cUxOcjRTZWlUYmM4UldIYmd6cnAzWDN...
  [1] ✅ news_01.png (1200x800)
  [2] 截圖：https://news.google.com/rss/articles/CBMijwFBVV95cUxQUDhnYU04TGRfTmVqVHpWNExyeUp...
  [2] ✅ news_02.png (1200x800)
  [3] 截圖：https://news.google.com/rss/articles/CBMif0FVX3lxTE1PT2pFS3FuYUdKUTVlNUZVdU9DeFl...
  [3] ✅ news_03.png (1200x800)
✅ 截圖步驟完成


=== audio_generator.py ===
🎙️  生成 3 則語音（Fish Audio 哈基米）...
  [1] 南卡女籃輕鬆挺進八強 — 2 句...
      句1: NCAA女籃瘋三月來了！...
      句2: 頭號種子南卡真的太猛，在沙加緬度區直接輾壓對手晉級，這統治力...
      ✅ audio_01.mp3，總時長 10.1s
  [2] 乖爺K教練打臉杜克黑粉 — 2 句...
      句1: 還記得那些嘲笑杜克的酸民嗎？...
      句2: 傳奇教練乖爺K用行動給了他們最後一擊，這就是杜克藍魔的底蘊，...
      ✅ audio_02.mp3，總時長 8.4s
  [3] NBA新賽季ABC轉播表出爐 — 2 句...
      句1: NBA粉絲注意啦！...
      句2: ABC已經公布新賽季完整轉播時間表了，想看哪場大戰直接排進行...
      ✅ audio_03.mp3，總時長 10.1s

✅ 語音已存至 C:\Users\User\Documents\GitHub\AutoVideo\pipeline\2026-03-22\job_11\audio


=== video_composer.py ===
🎬 合成 3 個片段...
  [1] 南卡女籃輕鬆挺進八強... (hue=0°, timing=精確)
  [2] 乖爺K教練打臉杜克黑粉... (hue=130°, timing=精確)
  [3] NBA新賽季ABC轉播表出爐... (hue=220°, timing=精確)
🔗 合併影片...

✅ 影片完成：C:\Users\User\Documents\GitHub\AutoVideo\pipeline\2026-03-22\job_11\output.mp4

