
=== audio_generator.py ===
🎙️  生成 3 則語音（Fish Audio 哈基米）...
  [1] OpenClaw掀AI商品化危機 — 4 句...
      句1: 你知道嗎？...
      句2: OpenClaw最近引爆了一個大討論——AI模型會不會變成跟...
      句3: 如果技術都差不多，那大廠的優勢在哪？...
      句4: 這場商品化危機，可能改寫整個產業格局。...
      ✅ audio_01.mp3，總時長 12.0s
  [2] 黃仁勳的OpenClaw論點 — 3 句...
      句1: 老黃又說話了！...
      句2: 面對OpenClaw掀起的開源風暴，黃仁勳不但不慌，反而認為...
      句3: 越便宜越多人用，算力需求反而爆炸，這邏輯你服不服？...
      ✅ audio_02.mp3，總時長 12.3s
  [3] Google重組瀏覽器AI團隊 — 4 句...
      句1: OpenClaw火到什麼程度？...
      句2: 連Google都坐不住了！...
      句3: 據WIRED報導，Google正在大幅重組瀏覽器AI代理團隊...
      句4: 看來科技巨頭們真的感受到壓力了。...
      ✅ audio_03.mp3，總時長 12.1s

✅ 語音已存至 C:\Users\User\Documents\GitHub\AutoVideo\pipeline\2026-03-22\job_7\audio


=== video_composer.py ===
🎬 合成 3 個片段...
❌ 找不到截圖：C:\Users\User\Documents\GitHub\AutoVideo\pipeline\2026-03-22\job_7\screenshots\news_01.png


[FAILED] video_composer 失敗:
🎬 合成 3 個片段...
❌ 找不到截圖：C:\Users\User\Documents\GitHub\AutoVideo\pipeline\2026-03-22\job_7\screenshots\news_01.png

