
=== screenshot_collector.py ===
  [1] 解析後 URL：https://news.google.com/rss/articles/CBMiS0FVX3lxTE1EYWNUYlZnX0gzdlNrOGs0V1dpczR...
  [1] 截圖：https://news.google.com/rss/articles/CBMiS0FVX3lxTE1EYWNUYlZnX0gzdlNrOGs0V1dpczR...
  [1] ✅ 截圖成功 (252KB)
  [2] 解析後 URL：https://news.google.com/rss/articles/CBMi-gJBVV95cUxOS3BvUlZFUUlncGtHMzk1Y2xUcTY...
  [2] 截圖：https://news.google.com/rss/articles/CBMi-gJBVV95cUxOS3BvUlZFUUlncGtHMzk1Y2xUcTY...
  [2] ✅ 截圖成功 (117KB)
  [3] 截圖：http://www.bing.com/news/apiclick.aspx?ref=FexRss&aid=&tid=69c537f54fd841ea8ee6a...
  [3] ✅ 截圖成功 (415KB)
✅ 截圖步驟完成


=== audio_generator.py ===
🎙️  生成 3 則語音（Fish Audio 哈基米）...
  [1] 全球首個AI失業補助計畫 — 2 句...
      句1: 你知道嗎？...
      句2: 現在真的有組織專門幫被AI搶走工作的人，不只每個月發三萬塊，...
      ✅ audio_01.mp3，總時長 10.2s
  [2] 林瑟雍曝AI歌手兩大致命傷 — 3 句...
      句1: 韓國歌手林瑟雍直接說了，比技術他可能會輸給AI，但音樂最重要...
      句2: 是感動啊！...
      句3: AI唱得再完美，少了靈魂就是少了什麼，你覺得呢？...
      ✅ audio_02.mp3，總時長 10.4s
  [3] 專家警告太早用AI傷大腦 — 2 句...
      句1: Coursera超熱門的學習科學教授歐克莉警告，小孩太早用A...
      句2: 她說我們必須趕快找出一個安全年齡，不然整個世代的思考力都會受...
      ✅ audio_03.mp3，總時長 12.8s

✅ 語音已存至 C:\Users\User\Documents\GitHub\AutoVideo\pipeline\2026-03-26\job_30\audio


=== video_composer.py ===
🎬 合成 3 個片段...
  [1] 全球首個AI失業補助計畫... (hue=0°, timing=精確)
  [2] 林瑟雍曝AI歌手兩大致命傷... (hue=130°, timing=精確)
  [3] 專家警告太早用AI傷大腦... (hue=220°, timing=精確)
🔗 合併影片...
  ℹ️  未找到 BGM（C:\Users\User\Documents\GitHub\AutoVideo\assets\music\bgm.mp3），跳過混音

✅ 影片完成：C:\Users\User\Documents\GitHub\AutoVideo\pipeline\2026-03-26\job_30\output.mp4

