
=== screenshot_collector.py ===
  [1] 解析後 URL：https://news.google.com/rss/articles/CBMiogFBVV95cUxOLUhSaUhnY3l3V1dSdkp2Zm05dWg...
  [1] 截圖：https://news.google.com/rss/articles/CBMiogFBVV95cUxOLUhSaUhnY3l3V1dSdkp2Zm05dWg...
  [1] ✅ 截圖成功 (25KB)
  [2] 解析後 URL：https://news.google.com/rss/articles/CBMiZkFVX3lxTE5pOWNJM1UzRlozTXNZVXg3SlZqd0V...
  [2] 截圖：https://news.google.com/rss/articles/CBMiZkFVX3lxTE5pOWNJM1UzRlozTXNZVXg3SlZqd0V...
  [2] ✅ 截圖成功 (85KB)
  [3] 解析後 URL：https://news.google.com/rss/articles/CBMilwFBVV95cUxQbWFrTDJ3Sm40MXZkWVJ0bkpBYXd...
  [3] 截圖：https://news.google.com/rss/articles/CBMilwFBVV95cUxQbWFrTDJ3Sm40MXZkWVJ0bkpBYXd...
  [3] ✅ 截圖成功 (94KB)
✅ 截圖步驟完成


=== audio_generator.py ===
🎙️  生成 3 則語音（Fish Audio 哈基米）...
  [1] AI聊天機器人盯上你的健康資料 — 3 句...
      句1: 現在超多人把自己的病歷上傳給AI聊天機器人，想讓它幫忙看報告...
      句2: 但你知道嗎？...
      句3: 這些科技公司根本不受醫療隱私法規範，你的資料可能被拿去訓練模...
      ✅ audio_01.mp3，總時長 12.3s
  [2] 美勞工部推AI就業準備計畫 — 2 句...
      句1: 美國勞工部剛宣布一個大計畫，要用聯邦經費幫全國勞工學AI。...
      句2: 從AI素養培訓到技能升級，目標就是讓美國工人不會被AI淘汰，...
      ✅ audio_02.mp3，總時長 12.3s
  [3] AI投資分兩路，你選對邊了嗎 — 2 句...
      句1: AI投資圈現在分成兩大陣營：一邊是訓練模型的，像Nvidia...
      句2: 專家說推論市場成長更猛，選對邊的人2026年可能賺更多。...
      ✅ audio_03.mp3，總時長 12.8s

✅ 語音已存至 C:\Users\User\Documents\GitHub\AutoVideo\pipeline\2026-03-25\job_19\audio


=== video_composer.py ===
🎬 合成 3 個片段...
  [1] AI聊天機器人盯上你的健康資料... (hue=0°, timing=精確)
  [2] 美勞工部推AI就業準備計畫... (hue=130°, timing=精確)
  [3] AI投資分兩路，你選對邊了嗎... (hue=220°, timing=精確)
🔗 合併影片...
  ℹ️  未找到 BGM（C:\Users\User\Documents\GitHub\AutoVideo\assets\music\bgm.mp3），跳過混音

✅ 影片完成：C:\Users\User\Documents\GitHub\AutoVideo\pipeline\2026-03-25\job_19\output.mp4


=== publisher.py ===
📤 準備上傳：output.mp4
   平台：youtube, instagram, threads, x, facebook, tiktok
   標題：AI聊天機器人盯上你的健康資料 | 美勞工部推AI就業準備計畫 | AI投資分兩路，你選對邊了嗎...
   Profile：yt

✅ 上傳成功！request_id = cfdcf031850443f7a42ca21e3eea1217
   上傳為非同步，約 1~5 分鐘後在各平台生效

