
=== screenshot_collector.py ===
  [1] 截圖：https://news.google.com/rss/articles/CBMiqgFBVV95cUxQb0N2a3ZOQmZrT2k3d25lRk5HQ2Y...
  [1] ✅ news_01.png (1200x800)
  [2] 截圖：https://news.google.com/rss/articles/CBMiZ0FVX3lxTFBZOGhUWG1tWm1Lb1NPZ09mWi1Tbjd...
  [2] ✅ news_02.png (1200x800)
  [3] 截圖：https://news.google.com/rss/articles/CBMijwFBVV95cUxQRlFjQ0xTNHN4ZU5VNWh3ZTFqM1V...
  [3] ✅ news_03.png (1200x800)
✅ 截圖步驟完成


=== audio_generator.py ===
🎙️  生成 3 則語音（Fish Audio 哈基米）...
  [1] OpenClaw掀起AI商品化危機 — 2 句...
      句1: 你知道嗎？...
      句2: OpenClaw最近爆紅，搞得整個AI圈都在怕，因為大家發現...
      ✅ audio_01.mp3，總時長 10.2s
  [2] 黃仁勳的OpenClaw論點 — 2 句...
      句1: 老黃又出來講話了！...
      句2: 他說OpenClaw這種開源模型越強，大家反而會用更多算力，...
      ✅ audio_02.mp3，總時長 7.8s
  [3] Google因OpenClaw緊急調整 — 2 句...
      句1: OpenClaw太火了，連Google都坐不住！...
      句2: 直接重組瀏覽器AI代理團隊，看來AI Agent這塊的競爭已...
      ✅ audio_03.mp3，總時長 9.2s

✅ 語音已存至 C:\Users\User\Documents\GitHub\AutoVideo\pipeline\2026-03-22\job_8\audio


=== video_composer.py ===
🎬 合成 3 個片段...
  [1] OpenClaw掀起AI商品化危機... (hue=0°, timing=精確)
  [2] 黃仁勳的OpenClaw論點... (hue=130°, timing=精確)
  [3] Google因OpenClaw緊急調整... (hue=220°, timing=精確)
🔗 合併影片...

✅ 影片完成：C:\Users\User\Documents\GitHub\AutoVideo\pipeline\2026-03-22\job_8\output.mp4


=== publisher.py ===
📤 準備上傳：output.mp4
   平台：youtube, instagram
   標題：OpenClaw掀起AI商品化危機 | 黃仁勳的OpenClaw論點 | Google因OpenClaw緊急調整...
   Profile：yt

✅ 上傳成功！request_id = e7c8a872edac4e2f9be869e9a81fc12f
   上傳為非同步，約 1~5 分鐘後在各平台生效

